<?xml version="1.0" encoding="UTF-8"?>
<!-- Generated by org.testng.reporters.JUnitReportReporter -->
<testsuite hostname="0316nabrd84" failures="0" tests="4" name="testcases.LoginDB" time="0.012" errors="0" timestamp="17 Jun 2022 20:44:55 GMT" skipped="0">
  <testcase classname="testcases.LoginDB" name="validateLogin" time="0.007"/>
  <testcase classname="testcases.LoginDB" name="validateLogin" time="0.001"/>
  <testcase classname="testcases.LoginDB" name="validateLogin" time="0.001"/>
  <testcase classname="testcases.LoginDB" name="validateLogin" time="0.003"/>
</testsuite> <!-- testcases.LoginDB -->
