<?xml version="1.0" encoding="UTF-8"?>
<!-- Generated by org.testng.reporters.JUnitReportReporter -->
<testsuite hostname="0316nabrd84" failures="0" tests="1" name="testcases.Login_TC1" time="2.722" errors="0" timestamp="17 Jun 2022 18:50:19 GMT" skipped="0">
  <testcase classname="testcases.Login_TC1" name="verifyLogin" time="2.722"/>
</testsuite> <!-- testcases.Login_TC1 -->
